<?xml version="1.0" encoding="UTF-8"?>
<!-- Generated by org.testng.reporters.JUnitReportReporter -->
<testsuite hostname="DESKTOP-BHC7RI0" failures="0" tests="1" name="testCases.TC001_AccountRegistrationTest" time="10.515" errors="0" timestamp="2025-07-07T18:09:51 IST" skipped="0">
  <testcase classname="testCases.TC001_AccountRegistrationTest" name="verify_account_registration" time="10.515"/>
</testsuite> <!-- testCases.TC001_AccountRegistrationTest -->
