<?xml version="1.0" encoding="UTF-8"?>
<!-- Generated by org.testng.reporters.JUnitReportReporter -->
<testsuite hostname="DESKTOP-BHC7RI0" failures="0" tests="1" name="testCases.TC002_LoginTest" time="3.069" errors="0" timestamp="2025-07-07T19:48:50 IST" skipped="0">
  <testcase classname="testCases.TC002_LoginTest" name="verify_login" time="3.069"/>
</testsuite> <!-- testCases.TC002_LoginTest -->
